<?xml version="1.0" encoding="UTF-8"?>
<testsuite xmlns:xsi="http://www.w3.org/2001/XMLSchema-instance" xsi:noNamespaceSchemaLocation="https://maven.apache.org/surefire/maven-surefire-plugin/xsd/surefire-test-report.xsd" name="OAMS Application" time="5,894.81" tests="16" errors="1" skipped="0" failures="0">
  <properties>
[...]
</properties>
  <testcase name="Verify to Create OAMS New Apportunity approval request for Category A and Estimated Effort less than twenty five days" classname="OAMS Application" time="436.276"/>
  <testcase name="Verify to Create OAMS New Apportunity approval request for Category A and Estimated Effort less than twenty five days" classname="OAMS Application" time="393.524"/>
  <testcase name="Verify to Create OAMS New Apportunity approval request for Category A and Estimated Effort less than twenty five days" classname="OAMS Application" time="389.645"/>
  <testcase name="Verify to Create OAMS New Apportunity approval request for Category A and Estimated Effort less than twenty five days" classname="OAMS Application" time="391.496"/>
  <testcase name="Verify to Create OAMS New Apportunity approval request for Category A and Estimated Effort less than twenty five days" classname="OAMS Application" time="380.246"/>
  <testcase name="Verify to Create OAMS New Apportunity approval request for Category A and Estimated Effort less than twenty five days" classname="OAMS Application" time="394.205"/>
  <testcase name="Verify to Create OAMS New Apportunity approval request for Category A and Estimated Effort less than twenty five days" classname="OAMS Application" time="394.447"/>
  <testcase name="Verify to Create OAMS New Apportunity approval request for Category A and Estimated Effort less than twenty five days" classname="OAMS Application" time="375.524"/>
  <testcase name="Verify to Create OAMS New Apportunity approval request for Category A and Estimated Effort less than twenty five days" classname="OAMS Application" time="391.509">
    <error message="Expected condition failed: waiting for pageobjects.PropertiesPageObject$1@57786d7b (tried for 300 second(s) with 50 milliseconds interval)" type="org.openqa.selenium.TimeoutException">org.openqa.selenium.TimeoutException: Expected condition failed: waiting for pageobjects.PropertiesPageObject$1@57786d7b (tried for 300 second(s) with 50 milliseconds interval)
Caused by: org.openqa.selenium.NoSuchElementException: 
no such element: Unable to locate element: {"method":"xpath","selector":"//span[contains(text(),'Create new opportunity approval request')]"}
  (Session info: chrome=95.0.4638.69)
For documentation on this error, please visit: http://seleniumhq.org/exceptions/no_such_element.html
Build info: version: '3.10.0', revision: '176b4a9', time: '2018-03-02T19:03:16.397Z'
System info: host: 'UK-V-JENK-01', ip: '10.102.80.159', os.name: 'Windows Server 2016', os.arch: 'amd64', os.version: '10.0', java.version: '11.0.4'
Driver info: org.openqa.selenium.chrome.ChromeDriver
Capabilities {acceptInsecureCerts: false, browserName: chrome, browserVersion: 95.0.4638.69, chrome: {chromedriverVersion: 95.0.4638.54 (d31a821ec901f..., userDataDir: C:\Users\PARMES~1.GLO\AppDa...}, goog:chromeOptions: {debuggerAddress: localhost:58066}, javascriptEnabled: true, networkConnectionEnabled: false, pageLoadStrategy: normal, platform: WINDOWS, platformName: WINDOWS, proxy: Proxy(), setWindowRect: true, strictFileInteractability: false, timeouts: {implicit: 0, pageLoad: 300000, script: 30000}, unhandledPromptBehavior: dismiss and notify, webauthn:extension:credBlob: true, webauthn:extension:largeBlob: true, webauthn:virtualAuthenticators: true}
Session ID: 772a0ef3c92da6baac8419ea4ce2f3d9
*** Element info: {Using=xpath, value=//span[contains(text(),'Create new opportunity approval request')]}
</error>
    <system-out><![CDATA[
1 Scenarios (&amp#27;[32m1 passed&amp#27;[0m)
17 Steps (&amp#27;[32m17 passed&amp#27;[0m)
52m45.425s

2021-11-12 08:46:17 [main] INFO  ReportParser:62 - File 'C:\GitProject\OAMSApplication\OAMSApplication\target\surefire-reports\1.json' contain 1 features
2021-11-12 08:46:17 [main] INFO  ReportBuilder:222 - net.masterthought.cucumber.ValidationException: File 'C:\GitProject\OAMSApplication\OAMSApplication\target\surefire-reports\10.json' is not proper Cucumber report!
The Browser used for this test is: CHROME
Beginning of getExtentReportsInstance method in ExtentHtmlManager class...
Beginning of getExtentReportsInstance method in ExtentHtmlManager class...
URLS@@@@@@@@:===http://parmeshwar.sakole:Maahi@123456789@tc3-v-devsp05/sites/oam/Lists/OAM/
Beginning of getExtentReportsInstance method in ExtentHtmlManager class...
------------------->actualtitle = OAM - OAM - Qualified out
Beginning of getExtentReportsInstance method in ExtentHtmlManager class...
Beginning of getExtentReportsInstance method in ExtentHtmlManager class...
Beginning of getExtentReportsInstance method in ExtentHtmlManager class...

OAM - OAM - All Items (new)
Beginning of getExtentReportsInstance method in ExtentHtmlManager class...
Beginning of getExtentReportsInstance method in ExtentHtmlManager class...
]]></system-out>
    <system-err><![CDATA[Starting ChromeDriver 95.0.4638.54 (d31a821ec901f68d0d34ccdbaea45b4c86ce543e-refs/branch-heads/4638@{#871}) on port 38360
Only local connections are allowed.
Please see https://chromedriver.chromium.org/security-considerations for suggestions on keeping ChromeDriver safe.
ChromeDriver was started successfully.
Nov 12, 2021 8:46:20 AM org.openqa.selenium.remote.ProtocolHandshake createSession
INFO: Detected dialect: W3C
]]></system-err>
  </testcase>
  <testcase name="Verify to Create OAMS New Apportunity approval request for Category A and Estimated Effort less than twenty five days" classname="OAMS Application" time="379.893"/>
  <testcase name="Verify to Create OAMS New Apportunity approval request for Category A and Estimated Effort less than twenty five days" classname="OAMS Application" time="377.526"/>
  <testcase name="Verify to Create OAMS New Apportunity approval request for Category A and Estimated Effort less than twenty five days" classname="OAMS Application" time="376.709"/>
  <testcase name="Verify to Create OAMS New Apportunity approval request for Category A and Estimated Effort less than twenty five days" classname="OAMS Application" time="298.291"/>
  <testcase name="Verify to Create OAMS New Apportunity approval request for Category A and Estimated Effort less than twenty five days" classname="OAMS Application" time="291.972"/>
  <testcase name="Verify to Create OAMS New Apportunity approval request for Category Exemption and Estimated Effort less than twenty five days" classname="OAMS Application" time="299.936"/>
  <testcase name="Verify to Create OAMS New Apportunity approval request for Category Exmeption and Estimated Effort less than twenty five days" classname="OAMS Application" time="301.666"/>
</testsuite>